[38;5;112m[Appium][0m Welcome to Appium v2.10.3
[38;5;112m[Appium][0m Non-default server args:
[38;5;112m[Appium][0m { basePath: [32m'/wd/hub'[39m, loglevel: [32m'info'[39m, port: [33m63890[39m }
[38;5;112m[Appium][0m Attempting to load driver uiautomator2...
[38;5;112m[Appium][0m Appium REST http interface listener started on http://0.0.0.0:63890/wd/hub
[38;5;112m[Appium][0m You can provide the following URLs in your client code to connect to this server:
	http://192.168.31.70:63890/wd/hub
	http://127.0.0.1:63890/wd/hub (only accessible from the same host)
[38;5;112m[Appium][0m Available drivers:
[38;5;112m[Appium][0m   - uiautomator2@3.5.5 (automationName 'UiAutomator2')
[38;5;112m[Appium][0m No plugins have been installed. Use the "appium plugin" command to install the one(s) you want to use.
[38;5;86m[HTTP][0m [37m-->[39m [37mGET[39m [37m/wd/hub/status[39m [90m{}[39m
[38;5;86m[HTTP][0m [37m<-- GET /wd/hub/status [39m[32m200[39m [90m9 ms - 111[39m [90m[39m
[38;5;86m[HTTP][0m [37m-->[39m [37mGET[39m [37m/wd/hub/status[39m [90m{}[39m
[38;5;86m[HTTP][0m [37m<-- GET /wd/hub/status [39m[32m200[39m [90m3 ms - 111[39m [90m[39m
[38;5;86m[HTTP][0m [37m-->[39m [37mPOST[39m [37m/wd/hub/session[39m [90m{"desiredCapabilities":{"appium:systemPort":8221,"appium:newCommandTimeout":1800,"appium:automationName":"UiAutomator2","appium:platformVersion":"12","appium:deviceId":"","appium:androidScreenshotPath":"D:\\KatlonProjects\\ScreenshotAndoid","appium:udid":"emulator-5554","appium:autoGrantPermissions":true,"appium:platformName":"Android","appium:appActivity":".Settings","appium:deviceName":"AndroidEmulator1","platformName":"Android","appium:appPackage":"com.android.settings"},"capabilities":{"firstMatch":[{"appium:androidScreenshotPath":"D:\\KatlonProjects\\ScreenshotAndoid","appium:appActivity":".Settings","appium:appPackage":"com.android.settings","appium:autoGrantPermissions":true,"appium:automationName":"UiAutomator2","appium:deviceId":"","appium:deviceName":"AndroidEmulator1","appium:newCommandTimeout":1800,"appium:platformName":"Android","appium:platformVersion":"12","appium:systemPort":8221,"appium:udid":"emulator-5554","platformName":"android"}]}}[39m
[38;5;123m[BaseDriver][0m Ignoring capability 'appium:platformName=Android' and using capability 'platformName=android'
[38;5;123m[BaseDriver][0m The capabilities ["platformName"] are standard capabilities and do not require "appium:" prefix
[38;5;112m[Appium][0m Attempting to find matching driver for automationName 'UiAutomator2' and platformName 'android'
[38;5;112m[Appium][0m The 'uiautomator2' driver was installed and matched caps.
[38;5;112m[Appium][0m Will require it at C:\Users\Admin\.appium\node_modules\appium-uiautomator2-driver
[38;5;102m[AppiumDriver@f080][0m Appium v2.10.3 creating new AndroidUiautomator2Driver (v3.5.5) session
[38;5;102m[AppiumDriver@f080][0m Checking BaseDriver versions for Appium and AndroidUiautomator2Driver
[38;5;102m[AppiumDriver@f080][0m Appium's BaseDriver version is 9.10.3
[38;5;102m[AppiumDriver@f080][0m AndroidUiautomator2Driver's BaseDriver version is 9.10.3
[38;5;-157m[AndroidUiautomator2Driver@e6c2][0m The following provided capabilities were not recognized by this driver:
[38;5;-157m[AndroidUiautomator2Driver@e6c2][0m   androidScreenshotPath
[38;5;-157m[AndroidUiautomator2Driver@e6c2][0m   deviceId
[38;5;-157m[AndroidUiautomator2Driver@e6c2][0m Session created with session id: d3894e8f-ad59-47a3-bfce-a590dce8d727
[38;5;229m[ADB][0m Found 1 'build-tools' folders under 'C:\Users\Admin\AppData\Local\Android\Sdk' (newest first):
[38;5;229m[ADB][0m     C:\Users\Admin\AppData\Local\Android\Sdk\build-tools\34.0.0
[38;5;229m[ADB][0m Using 'adb.exe' from 'C:\Users\Admin\AppData\Local\Android\Sdk\platform-tools\adb.exe'
[38;5;-157m[AndroidUiautomator2Driver@e6c2][0m Retrieving device list
[38;5;-157m[AndroidUiautomator2Driver@e6c2][0m Using device: emulator-5554
[38;5;229m[ADB][0m Using 'adb.exe' from 'C:\Users\Admin\AppData\Local\Android\Sdk\platform-tools\adb.exe'
[38;5;-157m[AndroidUiautomator2Driver@e6c2][0m Starting 'com.android.settings' directly on the device
[38;5;229m[ADB][0m Getting device platform version
[38;5;-157m[AndroidUiautomator2Driver@e6c2][0m Relaxing hidden api policy
[38;5;-157m[AndroidUiautomator2Driver@e6c2][0m No app sent in, not parsing package/activity
[38;5;-157m[AndroidUiautomator2Driver@e6c2][0m Server packages are going to be (re)installed
[38;5;229m[ADB][0m The application at 'C:\Users\Admin\.appium\node_modules\appium-uiautomator2-driver\node_modules\appium-uiautomator2-server\apks\appium-uiautomator2-server-v7.0.13.apk' will not be cached, because the device under test has confirmed the support of streamed installs
[38;5;229m[ADB][0m The application at 'C:\Users\Admin\.appium\node_modules\appium-uiautomator2-driver\node_modules\appium-uiautomator2-server\apks\appium-uiautomator2-server-debug-androidTest.apk' will not be cached, because the device under test has confirmed the support of streamed installs
[38;5;229m[ADB][0m The installation of 'appium-uiautomator2-server-debug-androidTest.apk' took 254ms
[38;5;229m[ADB][0m The installation of 'appium-uiautomator2-server-v7.0.13.apk' took 1057ms
[38;5;229m[ADB][0m Adding packages ["io.appium.settings","io.appium.uiautomator2.server","io.appium.uiautomator2.server.test"] to Doze whitelist
[38;5;-157m[AndroidUiautomator2Driver@e6c2][0m Starting UIAutomator2 server 7.0.13
[38;5;-157m[AndroidUiautomator2Driver@e6c2][0m Using UIAutomator2 server from 'C:\Users\Admin\.appium\node_modules\appium-uiautomator2-driver\node_modules\appium-uiautomator2-server\apks\appium-uiautomator2-server-v7.0.13.apk' and test from 'C:\Users\Admin\.appium\node_modules\appium-uiautomator2-driver\node_modules\appium-uiautomator2-server\apks\appium-uiautomator2-server-debug-androidTest.apk'
[38;5;-157m[AndroidUiautomator2Driver@e6c2][0m Waiting up to 30000ms for UiAutomator2 to be online...
[38;5;-157m[AndroidUiautomator2Driver@e6c2][0m socket hang up
[38;5;-157m[AndroidUiautomator2Driver@e6c2][0m socket hang up
[38;5;-157m[AndroidUiautomator2Driver@e6c2][0m socket hang up
[38;5;-157m[AndroidUiautomator2Driver@e6c2][0m Determined the downstream protocol as 'W3C'
[38;5;-157m[AndroidUiautomator2Driver@e6c2][0m Screen already unlocked, doing nothing
[38;5;-157m[AndroidUiautomator2Driver@e6c2][0m Starting 'com.android.settings/.Settings and waiting for 'com.android.settings/.Settings'
[38;5;102m[AppiumDriver@f080][0m New AndroidUiautomator2Driver session created successfully, session d3894e8f-ad59-47a3-bfce-a590dce8d727 added to master session list
[38;5;86m[HTTP][0m [37m<-- POST /wd/hub/session [39m[32m200[39m [90m8770 ms - 1245[39m [90m[39m
[38;5;151m[d3894e8f][0m[38;5;86m[HTTP][0m [37m-->[39m [37mGET[39m [37m/wd/hub/session/d3894e8f-ad59-47a3-bfce-a590dce8d727[39m [90m{}[39m
[38;5;151m[d3894e8f][0m[38;5;86m[HTTP][0m [37m<-- GET /wd/hub/session/d3894e8f-ad59-47a3-bfce-a590dce8d727 [39m[32m200[39m [90m83 ms - 378[39m [90m[39m
[38;5;151m[d3894e8f][0m[38;5;86m[HTTP][0m [37m-->[39m [37mGET[39m [37m/wd/hub/session/d3894e8f-ad59-47a3-bfce-a590dce8d727[39m [90m{}[39m
[38;5;151m[d3894e8f][0m[38;5;86m[HTTP][0m [37m<-- GET /wd/hub/session/d3894e8f-ad59-47a3-bfce-a590dce8d727 [39m[32m200[39m [90m45 ms - 378[39m [90m[39m
[38;5;86m[HTTP][0m [37m-->[39m [37mGET[39m [37m/wd/hub/status[39m [90m{}[39m
[38;5;86m[HTTP][0m [37m<-- GET /wd/hub/status [39m[32m200[39m [90m1 ms - 111[39m [90m[39m
[38;5;151m[d3894e8f][0m[38;5;86m[HTTP][0m [37m-->[39m [37mPOST[39m [37m/wd/hub/session/d3894e8f-ad59-47a3-bfce-a590dce8d727/timeouts[39m [90m{"implicit":60000}[39m
[38;5;151m[d3894e8f][0m[38;5;86m[HTTP][0m [37m<-- POST /wd/hub/session/d3894e8f-ad59-47a3-bfce-a590dce8d727/timeouts [39m[32m200[39m [90m5 ms - 14[39m [90m[39m
[38;5;151m[d3894e8f][0m[38;5;86m[HTTP][0m [37m-->[39m [37mGET[39m [37m/wd/hub/session/d3894e8f-ad59-47a3-bfce-a590dce8d727/appium/device/system_bars[39m [90m{}[39m
[38;5;151m[d3894e8f][0m[38;5;86m[HTTP][0m [37m<-- GET /wd/hub/session/d3894e8f-ad59-47a3-bfce-a590dce8d727/appium/device/system_bars [39m[32m200[39m [90m253 ms - 151[39m [90m[39m
[38;5;151m[d3894e8f][0m[38;5;86m[HTTP][0m [37m-->[39m [37mPOST[39m [37m/wd/hub/session/d3894e8f-ad59-47a3-bfce-a590dce8d727/appium/device/activate_app[39m [90m{"bundleId":"io.appium.android.apis"}[39m
[38;5;151m[d3894e8f][0m[38;5;86m[HTTP][0m [37m<-- POST /wd/hub/session/d3894e8f-ad59-47a3-bfce-a590dce8d727/appium/device/activate_app [39m[32m200[39m [90m243 ms - 14[39m [90m[39m
[38;5;151m[d3894e8f][0m[38;5;86m[HTTP][0m [37m-->[39m [37mGET[39m [37m/wd/hub/session/d3894e8f-ad59-47a3-bfce-a590dce8d727/source[39m [90m{}[39m
[38;5;151m[d3894e8f][0m[38;5;-157m[AndroidUiautomator2Driver@e6c2][0m Driver proxy active, passing request on via HTTP proxy
[38;5;151m[d3894e8f][0m[38;5;-157m[AndroidUiautomator2Driver@e6c2][0m Replacing sessionId 8ccf5811-2671-4fd9-a935-ffeaadf1c29c with d3894e8f-ad59-47a3-bfce-a590dce8d727
[38;5;151m[d3894e8f][0m[38;5;86m[HTTP][0m [37m<-- GET /wd/hub/session/d3894e8f-ad59-47a3-bfce-a590dce8d727/source [39m[32m200[39m [90m892 ms - 17138[39m [90m[39m
[38;5;151m[d3894e8f][0m[38;5;86m[HTTP][0m [37m-->[39m [37mGET[39m [37m/wd/hub/session/d3894e8f-ad59-47a3-bfce-a590dce8d727/screenshot[39m [90m{}[39m
[38;5;151m[d3894e8f][0m[38;5;86m[HTTP][0m [37m<-- GET /wd/hub/session/d3894e8f-ad59-47a3-bfce-a590dce8d727/screenshot [39m[32m200[39m [90m1059 ms - 98108[39m [90m[39m
[38;5;151m[d3894e8f][0m[38;5;86m[HTTP][0m [37m-->[39m [37mGET[39m [37m/wd/hub/session/d3894e8f-ad59-47a3-bfce-a590dce8d727/window/rect[39m [90m{}[39m
[38;5;151m[d3894e8f][0m[38;5;86m[HTTP][0m [37m<-- GET /wd/hub/session/d3894e8f-ad59-47a3-bfce-a590dce8d727/window/rect [39m[32m200[39m [90m21 ms - 50[39m [90m[39m
[38;5;151m[d3894e8f][0m[38;5;86m[HTTP][0m [37m-->[39m [37mPOST[39m [37m/wd/hub/session/d3894e8f-ad59-47a3-bfce-a590dce8d727/elements[39m [90m{"using":"xpath","value":"//*[@class = 'android.widget.TextView' and (@text = 'Settings' or . = 'Settings') and @resource-id = 'com.android.settings:id/homepage_title']"}[39m
[38;5;151m[d3894e8f][0m[38;5;86m[HTTP][0m [37m<-- POST /wd/hub/session/d3894e8f-ad59-47a3-bfce-a590dce8d727/elements [39m[32m200[39m [90m60022 ms - 12[39m [90m[39m
[38;5;151m[d3894e8f][0m[38;5;86m[HTTP][0m [37m-->[39m [37mGET[39m [37m/wd/hub/session/d3894e8f-ad59-47a3-bfce-a590dce8d727/source[39m [90m{}[39m
[38;5;151m[d3894e8f][0m[38;5;-157m[AndroidUiautomator2Driver@e6c2][0m Driver proxy active, passing request on via HTTP proxy
[38;5;151m[d3894e8f][0m[38;5;-157m[AndroidUiautomator2Driver@e6c2][0m Replacing sessionId 8ccf5811-2671-4fd9-a935-ffeaadf1c29c with d3894e8f-ad59-47a3-bfce-a590dce8d727
[38;5;151m[d3894e8f][0m[38;5;86m[HTTP][0m [37m<-- GET /wd/hub/session/d3894e8f-ad59-47a3-bfce-a590dce8d727/source [39m[32m200[39m [90m62 ms - 8987[39m [90m[39m
[38;5;151m[d3894e8f][0m[38;5;86m[HTTP][0m [37m-->[39m [37mGET[39m [37m/wd/hub/session/d3894e8f-ad59-47a3-bfce-a590dce8d727/screenshot[39m [90m{}[39m
[38;5;151m[d3894e8f][0m[38;5;86m[HTTP][0m [37m<-- GET /wd/hub/session/d3894e8f-ad59-47a3-bfce-a590dce8d727/screenshot [39m[32m200[39m [90m390 ms - 102284[39m [90m[39m
[38;5;151m[d3894e8f][0m[38;5;86m[HTTP][0m [37m-->[39m [37mGET[39m [37m/wd/hub/session/d3894e8f-ad59-47a3-bfce-a590dce8d727/window/rect[39m [90m{}[39m
[38;5;151m[d3894e8f][0m[38;5;86m[HTTP][0m [37m<-- GET /wd/hub/session/d3894e8f-ad59-47a3-bfce-a590dce8d727/window/rect [39m[32m200[39m [90m17 ms - 50[39m [90m[39m
[38;5;151m[d3894e8f][0m[38;5;86m[HTTP][0m [37m-->[39m [37mPOST[39m [37m/wd/hub/session/d3894e8f-ad59-47a3-bfce-a590dce8d727/elements[39m [90m{"using":"xpath","value":"//*[@class = 'android.widget.TextView' and (@text = 'App' or . = 'App') and @resource-id = 'android:id/text1']"}[39m
[38;5;151m[d3894e8f][0m[38;5;86m[HTTP][0m [37m<-- POST /wd/hub/session/d3894e8f-ad59-47a3-bfce-a590dce8d727/elements [39m[32m200[39m [90m126 ms - 139[39m [90m[39m
[38;5;151m[d3894e8f][0m[38;5;86m[HTTP][0m [37m-->[39m [37mGET[39m [37m/wd/hub/session/d3894e8f-ad59-47a3-bfce-a590dce8d727/element/00000000-0000-0178-ffff-ffff0000000c/location[39m [90m{}[39m
[38;5;151m[d3894e8f][0m[38;5;-157m[AndroidUiautomator2Driver@e6c2][0m Driver proxy active, passing request on via HTTP proxy
[38;5;151m[d3894e8f][0m[38;5;-157m[AndroidUiautomator2Driver@e6c2][0m Replacing sessionId 8ccf5811-2671-4fd9-a935-ffeaadf1c29c with d3894e8f-ad59-47a3-bfce-a590dce8d727
[38;5;151m[d3894e8f][0m[38;5;86m[HTTP][0m [37m<-- GET /wd/hub/session/d3894e8f-ad59-47a3-bfce-a590dce8d727/element/00000000-0000-0178-ffff-ffff0000000c/location [39m[32m200[39m [90m24 ms - 76[39m [90m[39m
[38;5;151m[d3894e8f][0m[38;5;86m[HTTP][0m [37m-->[39m [37mPOST[39m [37m/wd/hub/session/d3894e8f-ad59-47a3-bfce-a590dce8d727/element/00000000-0000-0178-ffff-ffff0000000c/click[39m [90m{"id":"00000000-0000-0178-ffff-ffff0000000c"}[39m
[38;5;151m[d3894e8f][0m[38;5;86m[HTTP][0m [37m<-- POST /wd/hub/session/d3894e8f-ad59-47a3-bfce-a590dce8d727/element/00000000-0000-0178-ffff-ffff0000000c/click [39m[32m200[39m [90m1169 ms - 14[39m [90m[39m
[38;5;151m[d3894e8f][0m[38;5;86m[HTTP][0m [37m-->[39m [37mGET[39m [37m/wd/hub/session/d3894e8f-ad59-47a3-bfce-a590dce8d727/source[39m [90m{}[39m
[38;5;151m[d3894e8f][0m[38;5;-157m[AndroidUiautomator2Driver@e6c2][0m Driver proxy active, passing request on via HTTP proxy
[38;5;151m[d3894e8f][0m[38;5;-157m[AndroidUiautomator2Driver@e6c2][0m Replacing sessionId 8ccf5811-2671-4fd9-a935-ffeaadf1c29c with d3894e8f-ad59-47a3-bfce-a590dce8d727
[38;5;151m[d3894e8f][0m[38;5;86m[HTTP][0m [37m<-- GET /wd/hub/session/d3894e8f-ad59-47a3-bfce-a590dce8d727/source [39m[32m200[39m [90m63 ms - 9962[39m [90m[39m
[38;5;151m[d3894e8f][0m[38;5;86m[HTTP][0m [37m-->[39m [37mGET[39m [37m/wd/hub/session/d3894e8f-ad59-47a3-bfce-a590dce8d727/screenshot[39m [90m{}[39m
[38;5;151m[d3894e8f][0m[38;5;86m[HTTP][0m [37m<-- GET /wd/hub/session/d3894e8f-ad59-47a3-bfce-a590dce8d727/screenshot [39m[32m200[39m [90m661 ms - 135036[39m [90m[39m
[38;5;151m[d3894e8f][0m[38;5;86m[HTTP][0m [37m-->[39m [37mGET[39m [37m/wd/hub/session/d3894e8f-ad59-47a3-bfce-a590dce8d727/window/rect[39m [90m{}[39m
[38;5;151m[d3894e8f][0m[38;5;86m[HTTP][0m [37m<-- GET /wd/hub/session/d3894e8f-ad59-47a3-bfce-a590dce8d727/window/rect [39m[32m200[39m [90m22 ms - 50[39m [90m[39m
[38;5;151m[d3894e8f][0m[38;5;86m[HTTP][0m [37m-->[39m [37mPOST[39m [37m/wd/hub/session/d3894e8f-ad59-47a3-bfce-a590dce8d727/elements[39m [90m{"using":"xpath","value":"//*[@class = 'android.widget.TextView' and (@text = 'Alarm' or . = 'Alarm') and @resource-id = 'android:id/text1']"}[39m
[38;5;151m[d3894e8f][0m[38;5;86m[HTTP][0m [37m<-- POST /wd/hub/session/d3894e8f-ad59-47a3-bfce-a590dce8d727/elements [39m[32m200[39m [90m50 ms - 139[39m [90m[39m
[38;5;151m[d3894e8f][0m[38;5;86m[HTTP][0m [37m-->[39m [37mGET[39m [37m/wd/hub/session/d3894e8f-ad59-47a3-bfce-a590dce8d727/element/00000000-0000-0179-ffff-ffff00000021/location[39m [90m{}[39m
[38;5;151m[d3894e8f][0m[38;5;-157m[AndroidUiautomator2Driver@e6c2][0m Driver proxy active, passing request on via HTTP proxy
[38;5;151m[d3894e8f][0m[38;5;-157m[AndroidUiautomator2Driver@e6c2][0m Replacing sessionId 8ccf5811-2671-4fd9-a935-ffeaadf1c29c with d3894e8f-ad59-47a3-bfce-a590dce8d727
[38;5;151m[d3894e8f][0m[38;5;86m[HTTP][0m [37m<-- GET /wd/hub/session/d3894e8f-ad59-47a3-bfce-a590dce8d727/element/00000000-0000-0179-ffff-ffff00000021/location [39m[32m200[39m [90m27 ms - 76[39m [90m[39m
[38;5;151m[d3894e8f][0m[38;5;86m[HTTP][0m [37m-->[39m [37mPOST[39m [37m/wd/hub/session/d3894e8f-ad59-47a3-bfce-a590dce8d727/element/00000000-0000-0179-ffff-ffff00000021/click[39m [90m{"id":"00000000-0000-0179-ffff-ffff00000021"}[39m
[38;5;151m[d3894e8f][0m[38;5;86m[HTTP][0m [37m<-- POST /wd/hub/session/d3894e8f-ad59-47a3-bfce-a590dce8d727/element/00000000-0000-0179-ffff-ffff00000021/click [39m[32m200[39m [90m1046 ms - 14[39m [90m[39m
[38;5;151m[d3894e8f][0m[38;5;86m[HTTP][0m [37m-->[39m [37mGET[39m [37m/wd/hub/session/d3894e8f-ad59-47a3-bfce-a590dce8d727/source[39m [90m{}[39m
[38;5;151m[d3894e8f][0m[38;5;-157m[AndroidUiautomator2Driver@e6c2][0m Driver proxy active, passing request on via HTTP proxy
[38;5;151m[d3894e8f][0m[38;5;-157m[AndroidUiautomator2Driver@e6c2][0m Replacing sessionId 8ccf5811-2671-4fd9-a935-ffeaadf1c29c with d3894e8f-ad59-47a3-bfce-a590dce8d727
[38;5;151m[d3894e8f][0m[38;5;86m[HTTP][0m [37m<-- GET /wd/hub/session/d3894e8f-ad59-47a3-bfce-a590dce8d727/source [39m[32m200[39m [90m39 ms - 4595[39m [90m[39m
[38;5;151m[d3894e8f][0m[38;5;86m[HTTP][0m [37m-->[39m [37mGET[39m [37m/wd/hub/session/d3894e8f-ad59-47a3-bfce-a590dce8d727/screenshot[39m [90m{}[39m
[38;5;151m[d3894e8f][0m[38;5;86m[HTTP][0m [37m<-- GET /wd/hub/session/d3894e8f-ad59-47a3-bfce-a590dce8d727/screenshot [39m[32m200[39m [90m572 ms - 59300[39m [90m[39m
[38;5;151m[d3894e8f][0m[38;5;86m[HTTP][0m [37m-->[39m [37mGET[39m [37m/wd/hub/session/d3894e8f-ad59-47a3-bfce-a590dce8d727/window/rect[39m [90m{}[39m
[38;5;151m[d3894e8f][0m[38;5;86m[HTTP][0m [37m<-- GET /wd/hub/session/d3894e8f-ad59-47a3-bfce-a590dce8d727/window/rect [39m[32m200[39m [90m8 ms - 50[39m [90m[39m
[38;5;151m[d3894e8f][0m[38;5;86m[HTTP][0m [37m-->[39m [37mPOST[39m [37m/wd/hub/session/d3894e8f-ad59-47a3-bfce-a590dce8d727/elements[39m [90m{"using":"xpath","value":"//*[@class = 'android.widget.TextView' and (@text = 'Alarm Service' or . = 'Alarm Service') and @resource-id = 'android:id/text1']"}[39m
[38;5;151m[d3894e8f][0m[38;5;86m[HTTP][0m [37m<-- POST /wd/hub/session/d3894e8f-ad59-47a3-bfce-a590dce8d727/elements [39m[32m200[39m [90m46 ms - 139[39m [90m[39m
[38;5;151m[d3894e8f][0m[38;5;86m[HTTP][0m [37m-->[39m [37mGET[39m [37m/wd/hub/session/d3894e8f-ad59-47a3-bfce-a590dce8d727/element/00000000-0000-017a-ffff-ffff00000038/location[39m [90m{}[39m
[38;5;151m[d3894e8f][0m[38;5;-157m[AndroidUiautomator2Driver@e6c2][0m Driver proxy active, passing request on via HTTP proxy
[38;5;151m[d3894e8f][0m[38;5;-157m[AndroidUiautomator2Driver@e6c2][0m Replacing sessionId 8ccf5811-2671-4fd9-a935-ffeaadf1c29c with d3894e8f-ad59-47a3-bfce-a590dce8d727
[38;5;151m[d3894e8f][0m[38;5;86m[HTTP][0m [37m<-- GET /wd/hub/session/d3894e8f-ad59-47a3-bfce-a590dce8d727/element/00000000-0000-017a-ffff-ffff00000038/location [39m[32m200[39m [90m18 ms - 76[39m [90m[39m
[38;5;151m[d3894e8f][0m[38;5;86m[HTTP][0m [37m-->[39m [37mPOST[39m [37m/wd/hub/session/d3894e8f-ad59-47a3-bfce-a590dce8d727/element/00000000-0000-017a-ffff-ffff00000038/click[39m [90m{"id":"00000000-0000-017a-ffff-ffff00000038"}[39m
[38;5;151m[d3894e8f][0m[38;5;86m[HTTP][0m [37m<-- POST /wd/hub/session/d3894e8f-ad59-47a3-bfce-a590dce8d727/element/00000000-0000-017a-ffff-ffff00000038/click [39m[32m200[39m [90m937 ms - 14[39m [90m[39m
[38;5;151m[d3894e8f][0m[38;5;86m[HTTP][0m [37m-->[39m [37mGET[39m [37m/wd/hub/session/d3894e8f-ad59-47a3-bfce-a590dce8d727/source[39m [90m{}[39m
[38;5;151m[d3894e8f][0m[38;5;-157m[AndroidUiautomator2Driver@e6c2][0m Driver proxy active, passing request on via HTTP proxy
[38;5;151m[d3894e8f][0m[38;5;-157m[AndroidUiautomator2Driver@e6c2][0m Replacing sessionId 8ccf5811-2671-4fd9-a935-ffeaadf1c29c with d3894e8f-ad59-47a3-bfce-a590dce8d727
[38;5;151m[d3894e8f][0m[38;5;86m[HTTP][0m [37m<-- GET /wd/hub/session/d3894e8f-ad59-47a3-bfce-a590dce8d727/source [39m[32m200[39m [90m32 ms - 5259[39m [90m[39m
[38;5;151m[d3894e8f][0m[38;5;86m[HTTP][0m [37m-->[39m [37mGET[39m [37m/wd/hub/session/d3894e8f-ad59-47a3-bfce-a590dce8d727/screenshot[39m [90m{}[39m
[38;5;151m[d3894e8f][0m[38;5;86m[HTTP][0m [37m<-- GET /wd/hub/session/d3894e8f-ad59-47a3-bfce-a590dce8d727/screenshot [39m[32m200[39m [90m466 ms - 109276[39m [90m[39m
[38;5;151m[d3894e8f][0m[38;5;86m[HTTP][0m [37m-->[39m [37mGET[39m [37m/wd/hub/session/d3894e8f-ad59-47a3-bfce-a590dce8d727/window/rect[39m [90m{}[39m
[38;5;151m[d3894e8f][0m[38;5;86m[HTTP][0m [37m<-- GET /wd/hub/session/d3894e8f-ad59-47a3-bfce-a590dce8d727/window/rect [39m[32m200[39m [90m8 ms - 50[39m [90m[39m
[38;5;151m[d3894e8f][0m[38;5;86m[HTTP][0m [37m-->[39m [37mPOST[39m [37m/wd/hub/session/d3894e8f-ad59-47a3-bfce-a590dce8d727/elements[39m [90m{"using":"xpath","value":"//*[@class = 'android.widget.Button' and (@text = 'Start Alarm Service' or . = 'Start Alarm Service') and @resource-id = 'io.appium.android.apis:id/start_alarm']"}[39m
[38;5;151m[d3894e8f][0m[38;5;86m[HTTP][0m [37m<-- POST /wd/hub/session/d3894e8f-ad59-47a3-bfce-a590dce8d727/elements [39m[32m200[39m [90m51 ms - 139[39m [90m[39m
[38;5;151m[d3894e8f][0m[38;5;86m[HTTP][0m [37m-->[39m [37mGET[39m [37m/wd/hub/session/d3894e8f-ad59-47a3-bfce-a590dce8d727/element/00000000-0000-017b-ffff-ffff0000003e/location[39m [90m{}[39m
[38;5;151m[d3894e8f][0m[38;5;-157m[AndroidUiautomator2Driver@e6c2][0m Driver proxy active, passing request on via HTTP proxy
[38;5;151m[d3894e8f][0m[38;5;-157m[AndroidUiautomator2Driver@e6c2][0m Replacing sessionId 8ccf5811-2671-4fd9-a935-ffeaadf1c29c with d3894e8f-ad59-47a3-bfce-a590dce8d727
[38;5;151m[d3894e8f][0m[38;5;86m[HTTP][0m [37m<-- GET /wd/hub/session/d3894e8f-ad59-47a3-bfce-a590dce8d727/element/00000000-0000-017b-ffff-ffff0000003e/location [39m[32m200[39m [90m13 ms - 78[39m [90m[39m
[38;5;151m[d3894e8f][0m[38;5;86m[HTTP][0m [37m-->[39m [37mPOST[39m [37m/wd/hub/session/d3894e8f-ad59-47a3-bfce-a590dce8d727/element/00000000-0000-017b-ffff-ffff0000003e/click[39m [90m{"id":"00000000-0000-017b-ffff-ffff0000003e"}[39m
[38;5;151m[d3894e8f][0m[38;5;86m[HTTP][0m [37m<-- POST /wd/hub/session/d3894e8f-ad59-47a3-bfce-a590dce8d727/element/00000000-0000-017b-ffff-ffff0000003e/click [39m[32m200[39m [90m96 ms - 14[39m [90m[39m
[38;5;151m[d3894e8f][0m[38;5;86m[HTTP][0m [37m-->[39m [37mGET[39m [37m/wd/hub/session/d3894e8f-ad59-47a3-bfce-a590dce8d727/source[39m [90m{}[39m
[38;5;151m[d3894e8f][0m[38;5;-157m[AndroidUiautomator2Driver@e6c2][0m Driver proxy active, passing request on via HTTP proxy
[38;5;151m[d3894e8f][0m[38;5;-157m[AndroidUiautomator2Driver@e6c2][0m Replacing sessionId 8ccf5811-2671-4fd9-a935-ffeaadf1c29c with d3894e8f-ad59-47a3-bfce-a590dce8d727
[38;5;151m[d3894e8f][0m[38;5;86m[HTTP][0m [37m<-- GET /wd/hub/session/d3894e8f-ad59-47a3-bfce-a590dce8d727/source [39m[32m200[39m [90m186 ms - 5498[39m [90m[39m
[38;5;151m[d3894e8f][0m[38;5;86m[HTTP][0m [37m-->[39m [37mGET[39m [37m/wd/hub/session/d3894e8f-ad59-47a3-bfce-a590dce8d727/screenshot[39m [90m{}[39m
[38;5;151m[d3894e8f][0m[38;5;86m[HTTP][0m [37m<-- GET /wd/hub/session/d3894e8f-ad59-47a3-bfce-a590dce8d727/screenshot [39m[32m200[39m [90m394 ms - 144872[39m [90m[39m
[38;5;151m[d3894e8f][0m[38;5;86m[HTTP][0m [37m-->[39m [37mGET[39m [37m/wd/hub/session/d3894e8f-ad59-47a3-bfce-a590dce8d727/window/rect[39m [90m{}[39m
[38;5;151m[d3894e8f][0m[38;5;86m[HTTP][0m [37m<-- GET /wd/hub/session/d3894e8f-ad59-47a3-bfce-a590dce8d727/window/rect [39m[32m200[39m [90m30 ms - 50[39m [90m[39m
[38;5;151m[d3894e8f][0m[38;5;86m[HTTP][0m [37m-->[39m [37mPOST[39m [37m/wd/hub/session/d3894e8f-ad59-47a3-bfce-a590dce8d727/elements[39m [90m{"using":"xpath","value":"//*[@class = 'android.widget.Button' and (@text = 'Stop Alarm Service' or . = 'Stop Alarm Service') and @resource-id = 'io.appium.android.apis:id/stop_alarm']"}[39m
[38;5;151m[d3894e8f][0m[38;5;86m[HTTP][0m [37m<-- POST /wd/hub/session/d3894e8f-ad59-47a3-bfce-a590dce8d727/elements [39m[32m200[39m [90m56 ms - 139[39m [90m[39m
[38;5;151m[d3894e8f][0m[38;5;86m[HTTP][0m [37m-->[39m [37mGET[39m [37m/wd/hub/session/d3894e8f-ad59-47a3-bfce-a590dce8d727/element/00000000-0000-017b-ffff-ffff0000003f/location[39m [90m{}[39m
[38;5;151m[d3894e8f][0m[38;5;-157m[AndroidUiautomator2Driver@e6c2][0m Driver proxy active, passing request on via HTTP proxy
[38;5;151m[d3894e8f][0m[38;5;-157m[AndroidUiautomator2Driver@e6c2][0m Replacing sessionId 8ccf5811-2671-4fd9-a935-ffeaadf1c29c with d3894e8f-ad59-47a3-bfce-a590dce8d727
[38;5;151m[d3894e8f][0m[38;5;86m[HTTP][0m [37m<-- GET /wd/hub/session/d3894e8f-ad59-47a3-bfce-a590dce8d727/element/00000000-0000-017b-ffff-ffff0000003f/location [39m[32m200[39m [90m21 ms - 78[39m [90m[39m
[38;5;151m[d3894e8f][0m[38;5;86m[HTTP][0m [37m-->[39m [37mPOST[39m [37m/wd/hub/session/d3894e8f-ad59-47a3-bfce-a590dce8d727/element/00000000-0000-017b-ffff-ffff0000003f/click[39m [90m{"id":"00000000-0000-017b-ffff-ffff0000003f"}[39m
[38;5;151m[d3894e8f][0m[38;5;86m[HTTP][0m [37m<-- POST /wd/hub/session/d3894e8f-ad59-47a3-bfce-a590dce8d727/element/00000000-0000-017b-ffff-ffff0000003f/click [39m[32m200[39m [90m65 ms - 14[39m [90m[39m
[38;5;151m[d3894e8f][0m[38;5;86m[HTTP][0m [37m-->[39m [37mGET[39m [37m/wd/hub/session/d3894e8f-ad59-47a3-bfce-a590dce8d727/source[39m [90m{}[39m
[38;5;151m[d3894e8f][0m[38;5;-157m[AndroidUiautomator2Driver@e6c2][0m Driver proxy active, passing request on via HTTP proxy
[38;5;151m[d3894e8f][0m[38;5;-157m[AndroidUiautomator2Driver@e6c2][0m Replacing sessionId 8ccf5811-2671-4fd9-a935-ffeaadf1c29c with d3894e8f-ad59-47a3-bfce-a590dce8d727
[38;5;151m[d3894e8f][0m[38;5;86m[HTTP][0m [37m<-- GET /wd/hub/session/d3894e8f-ad59-47a3-bfce-a590dce8d727/source [39m[32m200[39m [90m164 ms - 5430[39m [90m[39m
[38;5;151m[d3894e8f][0m[38;5;86m[HTTP][0m [37m-->[39m [37mGET[39m [37m/wd/hub/session/d3894e8f-ad59-47a3-bfce-a590dce8d727/screenshot[39m [90m{}[39m
[38;5;151m[d3894e8f][0m[38;5;86m[HTTP][0m [37m<-- GET /wd/hub/session/d3894e8f-ad59-47a3-bfce-a590dce8d727/screenshot [39m[32m200[39m [90m380 ms - 126304[39m [90m[39m
[38;5;151m[d3894e8f][0m[38;5;86m[HTTP][0m [37m-->[39m [37mGET[39m [37m/wd/hub/session/d3894e8f-ad59-47a3-bfce-a590dce8d727/source[39m [90m{}[39m
[38;5;151m[d3894e8f][0m[38;5;-157m[AndroidUiautomator2Driver@e6c2][0m Driver proxy active, passing request on via HTTP proxy
[38;5;151m[d3894e8f][0m[38;5;-157m[AndroidUiautomator2Driver@e6c2][0m Replacing sessionId 8ccf5811-2671-4fd9-a935-ffeaadf1c29c with d3894e8f-ad59-47a3-bfce-a590dce8d727
[38;5;151m[d3894e8f][0m[38;5;86m[HTTP][0m [37m<-- GET /wd/hub/session/d3894e8f-ad59-47a3-bfce-a590dce8d727/source [39m[32m200[39m [90m54 ms - 5259[39m [90m[39m
[38;5;151m[d3894e8f][0m[38;5;86m[HTTP][0m [37m-->[39m [37mGET[39m [37m/wd/hub/session/d3894e8f-ad59-47a3-bfce-a590dce8d727/screenshot[39m [90m{}[39m
[38;5;151m[d3894e8f][0m[38;5;86m[HTTP][0m [37m<-- GET /wd/hub/session/d3894e8f-ad59-47a3-bfce-a590dce8d727/screenshot [39m[32m200[39m [90m457 ms - 107700[39m [90m[39m
[38;5;151m[d3894e8f][0m[38;5;86m[HTTP][0m [37m-->[39m [37mGET[39m [37m/wd/hub/session/d3894e8f-ad59-47a3-bfce-a590dce8d727/window/rect[39m [90m{}[39m
[38;5;151m[d3894e8f][0m[38;5;86m[HTTP][0m [37m<-- GET /wd/hub/session/d3894e8f-ad59-47a3-bfce-a590dce8d727/window/rect [39m[32m200[39m [90m12 ms - 50[39m [90m[39m
[38;5;151m[d3894e8f][0m[38;5;86m[HTTP][0m [37m-->[39m [37mPOST[39m [37m/wd/hub/session/d3894e8f-ad59-47a3-bfce-a590dce8d727/elements[39m [90m{"using":"xpath","value":"//*[@class = 'android.widget.Button' and (@text = 'Stop Alarm Service' or . = 'Stop Alarm Service') and @resource-id = 'io.appium.android.apis:id/stop_alarm']"}[39m
[38;5;151m[d3894e8f][0m[38;5;86m[HTTP][0m [37m<-- POST /wd/hub/session/d3894e8f-ad59-47a3-bfce-a590dce8d727/elements [39m[32m200[39m [90m78 ms - 139[39m [90m[39m
[38;5;151m[d3894e8f][0m[38;5;86m[HTTP][0m [37m-->[39m [37mGET[39m [37m/wd/hub/session/d3894e8f-ad59-47a3-bfce-a590dce8d727/element/00000000-0000-017b-ffff-ffff0000003f/location[39m [90m{}[39m
[38;5;151m[d3894e8f][0m[38;5;-157m[AndroidUiautomator2Driver@e6c2][0m Driver proxy active, passing request on via HTTP proxy
[38;5;151m[d3894e8f][0m[38;5;-157m[AndroidUiautomator2Driver@e6c2][0m Replacing sessionId 8ccf5811-2671-4fd9-a935-ffeaadf1c29c with d3894e8f-ad59-47a3-bfce-a590dce8d727
[38;5;151m[d3894e8f][0m[38;5;86m[HTTP][0m [37m<-- GET /wd/hub/session/d3894e8f-ad59-47a3-bfce-a590dce8d727/element/00000000-0000-017b-ffff-ffff0000003f/location [39m[32m200[39m [90m22 ms - 78[39m [90m[39m
[38;5;151m[d3894e8f][0m[38;5;86m[HTTP][0m [37m-->[39m [37mPOST[39m [37m/wd/hub/session/d3894e8f-ad59-47a3-bfce-a590dce8d727/element/00000000-0000-017b-ffff-ffff0000003f/click[39m [90m{"id":"00000000-0000-017b-ffff-ffff0000003f"}[39m
[38;5;151m[d3894e8f][0m[38;5;86m[HTTP][0m [37m<-- POST /wd/hub/session/d3894e8f-ad59-47a3-bfce-a590dce8d727/element/00000000-0000-017b-ffff-ffff0000003f/click [39m[32m200[39m [90m96 ms - 14[39m [90m[39m
[38;5;151m[d3894e8f][0m[38;5;86m[HTTP][0m [37m-->[39m [37mGET[39m [37m/wd/hub/session/d3894e8f-ad59-47a3-bfce-a590dce8d727/source[39m [90m{}[39m
[38;5;151m[d3894e8f][0m[38;5;-157m[AndroidUiautomator2Driver@e6c2][0m Driver proxy active, passing request on via HTTP proxy
[38;5;151m[d3894e8f][0m[38;5;-157m[AndroidUiautomator2Driver@e6c2][0m Replacing sessionId 8ccf5811-2671-4fd9-a935-ffeaadf1c29c with d3894e8f-ad59-47a3-bfce-a590dce8d727
[38;5;151m[d3894e8f][0m[38;5;86m[HTTP][0m [37m<-- GET /wd/hub/session/d3894e8f-ad59-47a3-bfce-a590dce8d727/source [39m[32m200[39m [90m219 ms - 5430[39m [90m[39m
[38;5;151m[d3894e8f][0m[38;5;86m[HTTP][0m [37m-->[39m [37mGET[39m [37m/wd/hub/session/d3894e8f-ad59-47a3-bfce-a590dce8d727/screenshot[39m [90m{}[39m
[38;5;151m[d3894e8f][0m[38;5;86m[HTTP][0m [37m<-- GET /wd/hub/session/d3894e8f-ad59-47a3-bfce-a590dce8d727/screenshot [39m[32m200[39m [90m387 ms - 126612[39m [90m[39m
[38;5;151m[d3894e8f][0m[38;5;86m[HTTP][0m [37m-->[39m [37mGET[39m [37m/wd/hub/session/d3894e8f-ad59-47a3-bfce-a590dce8d727/source[39m [90m{}[39m
[38;5;151m[d3894e8f][0m[38;5;-157m[AndroidUiautomator2Driver@e6c2][0m Driver proxy active, passing request on via HTTP proxy
[38;5;151m[d3894e8f][0m[38;5;-157m[AndroidUiautomator2Driver@e6c2][0m Replacing sessionId 8ccf5811-2671-4fd9-a935-ffeaadf1c29c with d3894e8f-ad59-47a3-bfce-a590dce8d727
[38;5;151m[d3894e8f][0m[38;5;86m[HTTP][0m [37m<-- GET /wd/hub/session/d3894e8f-ad59-47a3-bfce-a590dce8d727/source [39m[32m200[39m [90m46 ms - 5259[39m [90m[39m
[38;5;151m[d3894e8f][0m[38;5;86m[HTTP][0m [37m-->[39m [37mGET[39m [37m/wd/hub/session/d3894e8f-ad59-47a3-bfce-a590dce8d727/screenshot[39m [90m{}[39m
[38;5;151m[d3894e8f][0m[38;5;86m[HTTP][0m [37m<-- GET /wd/hub/session/d3894e8f-ad59-47a3-bfce-a590dce8d727/screenshot [39m[32m200[39m [90m434 ms - 107968[39m [90m[39m
[38;5;151m[d3894e8f][0m[38;5;86m[HTTP][0m [37m-->[39m [37mDELETE[39m [37m/wd/hub/session/d3894e8f-ad59-47a3-bfce-a590dce8d727[39m [90m{}[39m
[38;5;151m[d3894e8f][0m[38;5;102m[AppiumDriver@f080][0m Removing session d3894e8f-ad59-47a3-bfce-a590dce8d727 from our master session list
[38;5;151m[d3894e8f][0m[38;5;-157m[AndroidUiautomator2Driver@e6c2][0m Restoring hidden api policy to the device default configuration
[38;5;151m[d3894e8f][0m[38;5;86m[HTTP][0m [37m<-- DELETE /wd/hub/session/d3894e8f-ad59-47a3-bfce-a590dce8d727 [39m[32m200[39m [90m289 ms - 14[39m [90m[39m
